Unity Editor version:    2020.3.18f1 (a7d1c678663c)
Branch:                  2020.3/staging
Build type:              Release
Batch mode:              YES
macOS version:           Version 11.5.1 (Build 20G80)
Darwin version:          20.6.0
Architecture:            x86_64
Running under Rosetta:   NO
Available memory:        4096 MB
Using pre-set license
Pro License: NO

COMMAND LINE ARGUMENTS:
/Applications/Unity/Hub/Editor/2020.3.18f1/Unity.app/Contents/MacOS/Unity
-adb2
-batchMode
-noUpm
-name
AssetImportWorker0
-projectPath
/Users/manabe512/Qsync/Programing/Unity/simplefightinggame/SimpleFightingGame
-logFile
Logs/AssetImportWorker0.log
-srvPort
54716
Successfully changed project path to: /Users/manabe512/Qsync/Programing/Unity/simplefightinggame/SimpleFightingGame
/Users/manabe512/Qsync/Programing/Unity/simplefightinggame/SimpleFightingGame
Using Asset Import Pipeline V2.
Refreshing native plugins compatible for Editor in 63.33 ms, found 3 plugins.
Preloading 0 native plugins for Editor in 0.00 ms.
Initialize engine version: 2020.3.18f1 (a7d1c678663c)
[Subsystems] Discovering subsystems at path /Applications/Unity/Hub/Editor/2020.3.18f1/Unity.app/Contents/Resources/UnitySubsystems
[Subsystems] Discovering subsystems at path /Users/manabe512/Qsync/Programing/Unity/simplefightinggame/SimpleFightingGame/Assets
GfxDevice: creating device client; threaded=0
2021-09-17 23:21:10.215 Unity[10609:733902] Color LCD preferred device: Intel(R) Iris(TM) Graphics 6000 (low power)
2021-09-17 23:21:10.215 Unity[10609:733902] Metal devices available: 1
2021-09-17 23:21:10.215 Unity[10609:733902] 0: Intel(R) Iris(TM) Graphics 6000 (low power)
2021-09-17 23:21:10.215 Unity[10609:733902] Using device Intel(R) Iris(TM) Graphics 6000 (low power)
Initializing Metal device caps: Intel(R) Iris(TM) Graphics 6000
Initialize mono
Mono path[0] = '/Applications/Unity/Hub/Editor/2020.3.18f1/Unity.app/Contents/Managed'
Mono path[1] = '/Applications/Unity/Hub/Editor/2020.3.18f1/Unity.app/Contents/MonoBleedingEdge/lib/mono/unityjit'
Mono config path = '/Applications/Unity/Hub/Editor/2020.3.18f1/Unity.app/Contents/MonoBleedingEdge/etc'
Using monoOptions --debugger-agent=transport=dt_socket,embedding=1,server=y,suspend=n,address=127.0.0.1:56609
Begin MonoManager ReloadAssembly
Registering precompiled unity dll's ...
Register platform support module: /Applications/Unity/Hub/Editor/2020.3.18f1/Unity.app/Contents/PlaybackEngines/MacStandaloneSupport/UnityEditor.OSXStandalone.Extensions.dll
Register platform support module: /Applications/Unity/Hub/Editor/2020.3.18f1/PlaybackEngines/WindowsStandaloneSupport/UnityEditor.WindowsStandalone.Extensions.dll
Registered in 0.002800 seconds.
Native extension for WindowsStandalone target not found
Native extension for OSXStandalone target not found
Refreshing native plugins compatible for Editor in 54.80 ms, found 3 plugins.
Preloading 0 native plugins for Editor in 0.00 ms.
Mono: successfully reloaded assembly
- Completed reload, in  7.179 seconds
Domain Reload Profiling:
	ReloadAssembly (7179ms)
		BeginReloadAssembly (139ms)
			ExecutionOrderSort (0ms)
			DisableScriptedObjects (0ms)
			BackupInstance (0ms)
			ReleaseScriptingObjects (0ms)
			CreateAndSetChildDomain (2ms)
		EndReloadAssembly (891ms)
			LoadAssemblies (139ms)
			RebuildTransferFunctionScriptingTraits (0ms)
			SetupTypeCache (380ms)
			ReleaseScriptCaches (0ms)
			RebuildScriptCaches (76ms)
			SetupLoadedEditorAssemblies (328ms)
				LogAssemblyErrors (0ms)
				InitializePlatformSupportModulesInManaged (7ms)
				SetLoadedEditorAssemblies (1ms)
				RefreshPlugins (55ms)
				BeforeProcessingInitializeOnLoad (22ms)
				ProcessInitializeOnLoadAttributes (190ms)
				ProcessInitializeOnLoadMethodAttributes (54ms)
				AfterProcessingInitializeOnLoad (0ms)
				EditorAssembliesLoaded (0ms)
			ExecutionOrderSort2 (0ms)
			AwakeInstancesAfterBackupRestoration (0ms)
Platform modules already initialized, skipping
Registering precompiled user dll's ...
Registered in 0.005103 seconds.
Begin MonoManager ReloadAssembly
Native extension for WindowsStandalone target not found
Native extension for OSXStandalone target not found
Refreshing native plugins compatible for Editor in 0.88 ms, found 3 plugins.
Preloading 0 native plugins for Editor in 0.00 ms.
System.Reflection.AmbiguousMatchException: Ambiguous match found.
  at System.RuntimeType.GetMethodImpl (System.String name, System.Reflection.BindingFlags bindingAttr, System.Reflection.Binder binder, System.Reflection.CallingConventions callConv, System.Type[] types, System.Reflection.ParameterModifier[] modifiers) [0x00059] in <695d1cc93cca45069c528c15c9fdd749>:0 
  at System.Type.GetMethod (System.String name, System.Reflection.BindingFlags bindingAttr) [0x0000e] in <695d1cc93cca45069c528c15c9fdd749>:0 
  at Anima2D.AnimationWindowImpl_51_52_53.InitializeReflection () [0x00180] in /Users/manabe512/Qsync/Programing/Unity/simplefightinggame/SimpleFightingGame/Assets/Anima2D/Scripts/Editor/AnimationWindowExtra/AnimationWindowImpl_51_52_53.cs:60 
  at Anima2D.AnimationWindowImpl_54.InitializeReflection () [0x00000] in /Users/manabe512/Qsync/Programing/Unity/simplefightinggame/SimpleFightingGame/Assets/Anima2D/Scripts/Editor/AnimationWindowExtra/AnimationWindowImpl_54.cs:15 
  at Anima2D.AnimationWindowImpl_55.InitializeReflection () [0x00000] in /Users/manabe512/Qsync/Programing/Unity/simplefightinggame/SimpleFightingGame/Assets/Anima2D/Scripts/Editor/AnimationWindowExtra/AnimationWindowImpl_55.cs:18 
  at Anima2D.AnimationWindowImpl_56.InitializeReflection () [0x00000] in /Users/manabe512/Qsync/Programing/Unity/simplefightinggame/SimpleFightingGame/Assets/Anima2D/Scripts/Editor/AnimationWindowExtra/AnimationWindowImpl_56.cs:18 
  at Anima2D.AnimationWindowImpl_2017_1.InitializeReflection () [0x00000] in /Users/manabe512/Qsync/Programing/Unity/simplefightinggame/SimpleFightingGame/Assets/Anima2D/Scripts/Editor/AnimationWindowExtra/AnimationWindowImpl_2017_1.cs:17 
  at Anima2D.AnimationWindowExtra..cctor () [0x0000a] in /Users/manabe512/Qsync/Programing/Unity/simplefightinggame/SimpleFightingGame/Assets/Anima2D/Scripts/Editor/AnimationWindowExtra/AnimationWindowExtra.cs:29 
UnityEngine.StackTraceUtility:ExtractStackTrace () (at /Users/bokken/buildslave/unity/build/Runtime/Export/Scripting/StackTrace.cs:37)
UnityEngine.DebugLogHandler:LogFormat (UnityEngine.LogType,UnityEngine.Object,string,object[])
UnityEngine.Logger:Log (UnityEngine.LogType,object)
UnityEngine.Debug:LogError (object)
UnityEditor.EditorAssemblies:ProcessInitializeOnLoadAttributes (System.Type[]) (at /Users/bokken/buildslave/unity/build/Editor/Mono/EditorAssemblies.cs:138)

(Filename: /Users/bokken/buildslave/unity/build/Editor/Mono/EditorAssemblies.cs Line: 138)

Mono: successfully reloaded assembly
- Completed reload, in  2.420 seconds
Domain Reload Profiling:
	ReloadAssembly (2422ms)
		BeginReloadAssembly (337ms)
			ExecutionOrderSort (0ms)
			DisableScriptedObjects (9ms)
			BackupInstance (0ms)
			ReleaseScriptingObjects (0ms)
			CreateAndSetChildDomain (75ms)
		EndReloadAssembly (1949ms)
			LoadAssemblies (167ms)
			RebuildTransferFunctionScriptingTraits (0ms)
			SetupTypeCache (671ms)
			ReleaseScriptCaches (1ms)
			RebuildScriptCaches (149ms)
			SetupLoadedEditorAssemblies (665ms)
				LogAssemblyErrors (0ms)
				InitializePlatformSupportModulesInManaged (14ms)
				SetLoadedEditorAssemblies (1ms)
				RefreshPlugins (1ms)
				BeforeProcessingInitializeOnLoad (137ms)
				ProcessInitializeOnLoadAttributes (491ms)
				ProcessInitializeOnLoadMethodAttributes (16ms)
				AfterProcessingInitializeOnLoad (5ms)
				EditorAssembliesLoaded (1ms)
			ExecutionOrderSort2 (0ms)
			AwakeInstancesAfterBackupRestoration (16ms)
Platform modules already initialized, skipping
Validating Project structure ... 0.040129 seconds.
Shader import version has changed; will reimport all shaders...
Upgrading shader files ...0.033357 seconds.
Application.AssetDatabase Initial Script Refresh Start
RefreshInfo: InitialScriptRefreshV2(NoUpdateAssetOptions) scanfilter:  ... 1 filters
RefreshProfiler: Total: 0.000ms
Application.AssetDatabase Initial Script Refresh End
Application.AssetDatabase.Refresh Start
Application.AssetDatabase.Refresh End
RefreshInfo: StopAssetImportingV2(ForceSynchronousImport) scanfilter: 
RefreshProfiler: Total: 0.000ms
Launching external process: /Applications/Unity/Hub/Editor/2020.3.18f1/Unity.app/Contents/Tools/UnityShaderCompiler
Launched and connected shader compiler UnityShaderCompiler after 0.03 seconds
Initializing Unity extensions:
========================================================================
Worker process is ready to serve import requests
Refreshing native plugins compatible for Editor in 0.72 ms, found 3 plugins.
Preloading 0 native plugins for Editor in 0.00 ms.
Unloading 1600 Unused Serialized files (Serialized files now loaded: 0)
System memory in use before: 168.1 MB.
System memory in use after: 167.3 MB.

Unloading 127 unused Assets to reduce memory usage. Loaded Objects now: 2070.
Total: 8.171931 ms (FindLiveObjects: 0.424480 ms CreateObjectMapping: 0.182600 ms MarkObjects: 6.786461 ms  DeleteObjects: 0.776080 ms)

AssetImportParameters requested are different than current active one (requested -> active):
  custom:video-decoder-ogg-theora: a1e56fd34408186e4bbccfd4996cb3dc -> 
  custom:container-muxer-webm: aa71ff27fc2769a1b78a27578f13a17b -> 
  custom:container-demuxer-webm: 4f35f7cbe854078d1ac9338744f61a02 -> 
  custom:container-demuxer-ogg: 62fdf1f143b41e24485cea50d1cbac27 -> 
  custom:video-encoder-webm-vp8: eb34c28f22e8b96e1ab97ce403110664 -> 
  custom:framework-osx-AVFoundation: e770b220cccbd017edd2c1fefb359320 -> 
  custom:video-decoder-webm-vp8: 9c59270c3fd7afecdb556c50c9e8de78 -> 
  custom:audio-decoder-ogg-vorbis: bf7c407c2cedff20999df2af8eb42d56 -> 
  custom:audio-encoder-webm-vorbis: bf7c407c2cedff20999df2af8eb42d56 -> 
========================================================================
Received Import Request.
  path: Assets/bulletPrefab1.prefab
  artifactKey: Guid(d6d27244397f0456a84f06eadbf5c28b) Importer(815301076,1909f56bfc062723c751e8b465ee728b)
Start importing Assets/bulletPrefab1.prefab using Guid(d6d27244397f0456a84f06eadbf5c28b) Importer(815301076,1909f56bfc062723c751e8b465ee728b)  -> (artifact id: '8b40e42bf554f2bb527ddb50a00b6878') in 1.782549 seconds 
  Import took 1.788700 seconds .

========================================================================
Received Import Request.
  Time since last request: 0.005119 seconds.
  path: Assets/x8y12pxTheStrongGamer.ttf
  artifactKey: Guid(2ff94907a872941679d0b8493b665b5c) Importer(815301076,1909f56bfc062723c751e8b465ee728b)
Start importing Assets/x8y12pxTheStrongGamer.ttf using Guid(2ff94907a872941679d0b8493b665b5c) Importer(815301076,1909f56bfc062723c751e8b465ee728b)  -> (artifact id: '5d0f353df16fdab24f9e7fa65dbf10a7') in 3.857518 seconds 
  Import took 3.863729 seconds .

========================================================================
Received Import Request.
  Time since last request: 0.011007 seconds.
  path: Assets/bulletPrefab.prefab
  artifactKey: Guid(8c4406eb85152ef4fabb6202ddc5feee) Importer(815301076,1909f56bfc062723c751e8b465ee728b)
Start importing Assets/bulletPrefab.prefab using Guid(8c4406eb85152ef4fabb6202ddc5feee) Importer(815301076,1909f56bfc062723c751e8b465ee728b)  -> (artifact id: '9aea2faa6ecfa90c7e54d13429edf46f') in 0.024406 seconds 
  Import took 0.034861 seconds .

========================================================================
Received Prepare
Refreshing native plugins compatible for Editor in 12.69 ms, found 3 plugins.
Preloading 0 native plugins for Editor in 0.00 ms.
Unloading 12 Unused Serialized files (Serialized files now loaded: 0)
System memory in use before: 144.4 MB.
System memory in use after: 144.5 MB.

Unloading 12 unused Assets to reduce memory usage. Loaded Objects now: 2113.
Total: 40.680644 ms (FindLiveObjects: 1.592520 ms CreateObjectMapping: 0.231855 ms MarkObjects: 38.774128 ms  DeleteObjects: 0.080167 ms)

AssetImportParameters requested are different than current active one (requested -> active):
  custom:video-decoder-ogg-theora: a1e56fd34408186e4bbccfd4996cb3dc -> 
  custom:container-muxer-webm: aa71ff27fc2769a1b78a27578f13a17b -> 
  custom:container-demuxer-webm: 4f35f7cbe854078d1ac9338744f61a02 -> 
  custom:container-demuxer-ogg: 62fdf1f143b41e24485cea50d1cbac27 -> 
  custom:video-encoder-webm-vp8: eb34c28f22e8b96e1ab97ce403110664 -> 
  custom:framework-osx-AVFoundation: e770b220cccbd017edd2c1fefb359320 -> 
  custom:video-decoder-webm-vp8: 9c59270c3fd7afecdb556c50c9e8de78 -> 
  custom:audio-decoder-ogg-vorbis: bf7c407c2cedff20999df2af8eb42d56 -> 
  custom:audio-encoder-webm-vorbis: bf7c407c2cedff20999df2af8eb42d56 -> 
========================================================================
Received Prepare
Registering precompiled user dll's ...
Registered in 0.003895 seconds.
Begin MonoManager ReloadAssembly
Native extension for WindowsStandalone target not found
Native extension for OSXStandalone target not found
Refreshing native plugins compatible for Editor in 0.92 ms, found 3 plugins.
Preloading 0 native plugins for Editor in 0.00 ms.
System.Reflection.AmbiguousMatchException: Ambiguous match found.
  at System.RuntimeType.GetMethodImpl (System.String name, System.Reflection.BindingFlags bindingAttr, System.Reflection.Binder binder, System.Reflection.CallingConventions callConv, System.Type[] types, System.Reflection.ParameterModifier[] modifiers) [0x00059] in <695d1cc93cca45069c528c15c9fdd749>:0 
  at System.Type.GetMethod (System.String name, System.Reflection.BindingFlags bindingAttr) [0x0000e] in <695d1cc93cca45069c528c15c9fdd749>:0 
  at Anima2D.AnimationWindowImpl_51_52_53.InitializeReflection () [0x00180] in /Users/manabe512/Qsync/Programing/Unity/simplefightinggame/SimpleFightingGame/Assets/Anima2D/Scripts/Editor/AnimationWindowExtra/AnimationWindowImpl_51_52_53.cs:60 
  at Anima2D.AnimationWindowImpl_54.InitializeReflection () [0x00000] in /Users/manabe512/Qsync/Programing/Unity/simplefightinggame/SimpleFightingGame/Assets/Anima2D/Scripts/Editor/AnimationWindowExtra/AnimationWindowImpl_54.cs:15 
  at Anima2D.AnimationWindowImpl_55.InitializeReflection () [0x00000] in /Users/manabe512/Qsync/Programing/Unity/simplefightinggame/SimpleFightingGame/Assets/Anima2D/Scripts/Editor/AnimationWindowExtra/AnimationWindowImpl_55.cs:18 
  at Anima2D.AnimationWindowImpl_56.InitializeReflection () [0x00000] in /Users/manabe512/Qsync/Programing/Unity/simplefightinggame/SimpleFightingGame/Assets/Anima2D/Scripts/Editor/AnimationWindowExtra/AnimationWindowImpl_56.cs:18 
  at Anima2D.AnimationWindowImpl_2017_1.InitializeReflection () [0x00000] in /Users/manabe512/Qsync/Programing/Unity/simplefightinggame/SimpleFightingGame/Assets/Anima2D/Scripts/Editor/AnimationWindowExtra/AnimationWindowImpl_2017_1.cs:17 
  at Anima2D.AnimationWindowExtra..cctor () [0x0000a] in /Users/manabe512/Qsync/Programing/Unity/simplefightinggame/SimpleFightingGame/Assets/Anima2D/Scripts/Editor/AnimationWindowExtra/AnimationWindowExtra.cs:29 
UnityEngine.StackTraceUtility:ExtractStackTrace () (at /Users/bokken/buildslave/unity/build/Runtime/Export/Scripting/StackTrace.cs:37)
UnityEngine.DebugLogHandler:LogFormat (UnityEngine.LogType,UnityEngine.Object,string,object[])
UnityEngine.Logger:Log (UnityEngine.LogType,object)
UnityEngine.Debug:LogError (object)
UnityEditor.EditorAssemblies:ProcessInitializeOnLoadAttributes (System.Type[]) (at /Users/bokken/buildslave/unity/build/Editor/Mono/EditorAssemblies.cs:138)

(Filename: /Users/bokken/buildslave/unity/build/Editor/Mono/EditorAssemblies.cs Line: 138)

Mono: successfully reloaded assembly
- Completed reload, in  3.954 seconds
Domain Reload Profiling:
	ReloadAssembly (3964ms)
		BeginReloadAssembly (389ms)
			ExecutionOrderSort (0ms)
			DisableScriptedObjects (21ms)
			BackupInstance (0ms)
			ReleaseScriptingObjects (1ms)
			CreateAndSetChildDomain (228ms)
		EndReloadAssembly (3350ms)
			LoadAssemblies (248ms)
			RebuildTransferFunctionScriptingTraits (0ms)
			SetupTypeCache (1426ms)
			ReleaseScriptCaches (2ms)
			RebuildScriptCaches (141ms)
			SetupLoadedEditorAssemblies (1131ms)
				LogAssemblyErrors (0ms)
				InitializePlatformSupportModulesInManaged (14ms)
				SetLoadedEditorAssemblies (1ms)
				RefreshPlugins (1ms)
				BeforeProcessingInitializeOnLoad (255ms)
				ProcessInitializeOnLoadAttributes (838ms)
				ProcessInitializeOnLoadMethodAttributes (15ms)
				AfterProcessingInitializeOnLoad (5ms)
				EditorAssembliesLoaded (1ms)
			ExecutionOrderSort2 (0ms)
			AwakeInstancesAfterBackupRestoration (26ms)
Platform modules already initialized, skipping
Refreshing native plugins compatible for Editor in 0.91 ms, found 3 plugins.
Preloading 0 native plugins for Editor in 0.00 ms.
Unloading 1589 Unused Serialized files (Serialized files now loaded: 0)
System memory in use before: 174.9 MB.
System memory in use after: 175.0 MB.

Unloading 15 unused Assets to reduce memory usage. Loaded Objects now: 2116.
Total: 7.676061 ms (FindLiveObjects: 0.802782 ms CreateObjectMapping: 0.262674 ms MarkObjects: 6.519318 ms  DeleteObjects: 0.087915 ms)

AssetImportParameters requested are different than current active one (requested -> active):
  custom:video-decoder-ogg-theora: a1e56fd34408186e4bbccfd4996cb3dc -> 
  custom:container-muxer-webm: aa71ff27fc2769a1b78a27578f13a17b -> 
  custom:container-demuxer-webm: 4f35f7cbe854078d1ac9338744f61a02 -> 
  custom:container-demuxer-ogg: 62fdf1f143b41e24485cea50d1cbac27 -> 
  custom:video-encoder-webm-vp8: eb34c28f22e8b96e1ab97ce403110664 -> 
  custom:framework-osx-AVFoundation: e770b220cccbd017edd2c1fefb359320 -> 
  custom:video-decoder-webm-vp8: 9c59270c3fd7afecdb556c50c9e8de78 -> 
  custom:audio-decoder-ogg-vorbis: bf7c407c2cedff20999df2af8eb42d56 -> 
  custom:audio-encoder-webm-vorbis: bf7c407c2cedff20999df2af8eb42d56 -> 
========================================================================
Received Prepare
Refreshing native plugins compatible for Editor in 3.81 ms, found 3 plugins.
Preloading 0 native plugins for Editor in 0.00 ms.
Unloading 12 Unused Serialized files (Serialized files now loaded: 0)
System memory in use before: 143.1 MB.
System memory in use after: 143.2 MB.

Unloading 12 unused Assets to reduce memory usage. Loaded Objects now: 2116.
Total: 6.700334 ms (FindLiveObjects: 0.317258 ms CreateObjectMapping: 0.141966 ms MarkObjects: 6.209079 ms  DeleteObjects: 0.030250 ms)

AssetImportParameters requested are different than current active one (requested -> active):
  custom:video-decoder-ogg-theora: a1e56fd34408186e4bbccfd4996cb3dc -> 
  custom:container-muxer-webm: aa71ff27fc2769a1b78a27578f13a17b -> 
  custom:container-demuxer-webm: 4f35f7cbe854078d1ac9338744f61a02 -> 
  custom:container-demuxer-ogg: 62fdf1f143b41e24485cea50d1cbac27 -> 
  custom:video-encoder-webm-vp8: eb34c28f22e8b96e1ab97ce403110664 -> 
  custom:framework-osx-AVFoundation: e770b220cccbd017edd2c1fefb359320 -> 
  custom:video-decoder-webm-vp8: 9c59270c3fd7afecdb556c50c9e8de78 -> 
  custom:audio-decoder-ogg-vorbis: bf7c407c2cedff20999df2af8eb42d56 -> 
  custom:audio-encoder-webm-vorbis: bf7c407c2cedff20999df2af8eb42d56 -> 
========================================================================
Received Import Request.
  Time since last request: 396.255159 seconds.
  path: Assets/x8y12pxTheStrongGamer.ttf
  artifactKey: Guid(2ff94907a872941679d0b8493b665b5c) Importer(815301076,1909f56bfc062723c751e8b465ee728b)
Start importing Assets/x8y12pxTheStrongGamer.ttf using Guid(2ff94907a872941679d0b8493b665b5c) Importer(815301076,1909f56bfc062723c751e8b465ee728b)  -> (artifact id: '49d065198a8229f8591e2ccc339386b6') in 0.278494 seconds 
  Import took 0.286744 seconds .

========================================================================
Received Prepare
Refreshing native plugins compatible for Editor in 10.32 ms, found 3 plugins.
Preloading 0 native plugins for Editor in 0.00 ms.
Unloading 12 Unused Serialized files (Serialized files now loaded: 0)
System memory in use before: 143.8 MB.
System memory in use after: 143.9 MB.

Unloading 12 unused Assets to reduce memory usage. Loaded Objects now: 2118.
Total: 54.978644 ms (FindLiveObjects: 1.741809 ms CreateObjectMapping: 0.202473 ms MarkObjects: 52.905580 ms  DeleteObjects: 0.125652 ms)

AssetImportParameters requested are different than current active one (requested -> active):
  custom:video-decoder-ogg-theora: a1e56fd34408186e4bbccfd4996cb3dc -> 
  custom:container-muxer-webm: aa71ff27fc2769a1b78a27578f13a17b -> 
  custom:container-demuxer-webm: 4f35f7cbe854078d1ac9338744f61a02 -> 
  custom:container-demuxer-ogg: 62fdf1f143b41e24485cea50d1cbac27 -> 
  custom:video-encoder-webm-vp8: eb34c28f22e8b96e1ab97ce403110664 -> 
  custom:framework-osx-AVFoundation: e770b220cccbd017edd2c1fefb359320 -> 
  custom:video-decoder-webm-vp8: 9c59270c3fd7afecdb556c50c9e8de78 -> 
  custom:audio-decoder-ogg-vorbis: bf7c407c2cedff20999df2af8eb42d56 -> 
  custom:audio-encoder-webm-vorbis: bf7c407c2cedff20999df2af8eb42d56 -> 
